Thu, 30 Aug 2018 07:20:35 INFO     54 unused domains in C:\Users\delgado\Desktop\ScriptProjects\gdb_processing\ShellComponents_311\311_AF_GeoBase_Shell_DRAFT_20180723.gdb
Thu, 30 Aug 2018 07:20:35 INFO      ArtifactDensity
Thu, 30 Aug 2018 07:20:35 INFO      BankType
Thu, 30 Aug 2018 07:20:35 INFO      CPColorCode
Thu, 30 Aug 2018 07:20:35 INFO      CorrConcreteRating
Thu, 30 Aug 2018 07:20:35 INFO      CorrSteelRating
Thu, 30 Aug 2018 07:20:35 INFO      CurrentMMRPPhase
Thu, 30 Aug 2018 07:20:35 INFO      DODCategoryCode
Thu, 30 Aug 2018 07:20:35 INFO      DateMethod
Thu, 30 Aug 2018 07:20:35 INFO      DirectionFacing
Thu, 30 Aug 2018 07:20:35 INFO      Disturbance
Thu, 30 Aug 2018 07:20:35 INFO      DrainageClass
Thu, 30 Aug 2018 07:20:35 INFO      EntryMethod
Thu, 30 Aug 2018 07:20:35 INFO      EnvComplianceStatus
Thu, 30 Aug 2018 07:20:35 INFO      ExternalInterestType
Thu, 30 Aug 2018 07:20:35 INFO      FAAPrecaution
Thu, 30 Aug 2018 07:20:35 INFO      FirmZone
Thu, 30 Aug 2018 07:20:35 INFO      FloodGateType
Thu, 30 Aug 2018 07:20:35 INFO      FundingSource
Thu, 30 Aug 2018 07:20:35 INFO      GSIP_ContaminationLevelUOM
Thu, 30 Aug 2018 07:20:35 INFO      HabitatType
Thu, 30 Aug 2018 07:20:35 INFO      HazardousWasteManagementType
Thu, 30 Aug 2018 07:20:35 INFO      HorizontalAccuracy
Thu, 30 Aug 2018 07:20:35 INFO      ImpoundmentType
Thu, 30 Aug 2018 07:20:35 INFO      InundationEventType
Thu, 30 Aug 2018 07:20:35 INFO      LevelOfProtection
Thu, 30 Aug 2018 07:20:35 INFO      LinearReferenceMethodType
Thu, 30 Aug 2018 07:20:35 INFO      NuclearFuelType
Thu, 30 Aug 2018 07:20:35 INFO      ORMRank
Thu, 30 Aug 2018 07:20:35 INFO      OffRoadTrailRating
Thu, 30 Aug 2018 07:20:35 INFO      PavementBranchType
Thu, 30 Aug 2018 07:20:35 INFO      PavementSection
Thu, 30 Aug 2018 07:20:35 INFO      PavementSectionType
Thu, 30 Aug 2018 07:20:35 INFO      PipeType
Thu, 30 Aug 2018 07:20:35 INFO      Probability
Thu, 30 Aug 2018 07:20:35 INFO      PumpConfiguration
Thu, 30 Aug 2018 07:20:35 INFO      PumpDriveType
Thu, 30 Aug 2018 07:20:35 INFO      RECOwnership
Thu, 30 Aug 2018 07:20:35 INFO      RIP
Thu, 30 Aug 2018 07:20:35 INFO      RoadLinearEventType
Thu, 30 Aug 2018 07:20:35 INFO      RoadPointEventType
Thu, 30 Aug 2018 07:20:35 INFO      RoadSegStatusType
Thu, 30 Aug 2018 07:20:35 INFO      RoadTrailRating
Thu, 30 Aug 2018 07:20:35 INFO      RoadTreatmentStatus
Thu, 30 Aug 2018 07:20:35 INFO      RoadTreatmentType
Thu, 30 Aug 2018 07:20:35 INFO      ShorelineType
Thu, 30 Aug 2018 07:20:35 INFO      SignBackColor
Thu, 30 Aug 2018 07:20:35 INFO      SiteStatus
Thu, 30 Aug 2018 07:20:35 INFO      SolidWasteLandfillDisposition
Thu, 30 Aug 2018 07:20:35 INFO      SolidWasteManagementType
Thu, 30 Aug 2018 07:20:35 INFO      SurveyMethod
Thu, 30 Aug 2018 07:20:35 INFO      Technology
Thu, 30 Aug 2018 07:20:35 INFO      TurbineType
Thu, 30 Aug 2018 07:20:35 INFO      WeatherConditions
Thu, 30 Aug 2018 07:20:35 INFO      tExpansionJointType
